        :-) GROMACS - gmx mdrun, 2027.0-dev-20260314-95fc7a8-unknown (-:

Copyright 1991-2027 The GROMACS Authors.
GROMACS is free software; you can redistribute it and/or modify it
under the terms of the GNU Lesser General Public License
as published by the Free Software Foundation; either version 2.1
of the License, or (at your option) any later version.

                         Current GROMACS contributors:
       Mark Abraham           Andrey Alekseenko           Brian Andrews       
        Paul Bauer              Cathrine Bergh              Hugh Bird         
      Eliane Briand               Ania Brown                Yiqi Chen         
      Mahesh Doijade            Giacomo Fiorin          Stefan Fleischmann    
      Sergey Gorelov         Gilles Gouaillardet            Alan Gray         
   Farzaneh Jalalypour         Petter Johansson          Carsten Kutzner      
    Grzegorz Łazarski         Justin A. Lemkul          Magnus Lundborg      
        Julio Maia               Pascal Merz             Vedran Miletić      
      Dmitry Morozov           Lukas Müllender           Szilárd Páll      
 Andrea Pasquadibisceglie     Michele Pellegrino         Nicola Piasentin     
     Daniele Rapetti         Muhammad Umair Sadiq         Hubert Santuz       
      Michael Shirts           Tatiana Shugaeva          Alexey Shvetsov      
     Bálint Soproni            Philip Turner            Alessandra Villa     
        Yang Zhang        

                         Previous GROMACS contributors:
        Emile Apol             Rossen Apostolov           James Barnett       
      Vladimir Basov        Herman J.C. Berendsen         Pär Bjelkmar       
      Christian Blau          Viacheslav Bolnykh            Kevin Boyd        
    Aldert van Buuren          Carlo Camilloni           Rudi van Drunen      
      Anton Feenstra           Oliver Fleetwood            Vytas Gapsys       
       Gaurav Garg             Gerrit Groenhof            Bert de Groot       
      Anca Hamuraru           Vincent Hindriksen          Victor Holanda      
     M. Eric Irrgang           Aleksei Iupinov              Joe Jordan        
    Christoph Junghans        Prashanth Kanduri        Dimitrios Karkoulis    
       Peter Kasson             Sebastian Kehl           Sebastian Keller     
        Jiri Kraus               Per Larsson              Viveca Lindahl      
      Erik Marklund           Pieter Meulenhoff           Teemu Murtola       
       Julien Nabet              Sander Pronk             Roland Schulz       
      Alfons Sijbers         David van der Spoel          Peter Tieleman      
      Carsten Uphoff             Jon Vincent             Teemu Virolainen     
    Christian Wennberg     Sebastian Wingbermühle         Maarten Wolf       
      Artem Zhmurov       

                  Coordinated by the GROMACS project leaders:
                           Berk Hess and Erik Lindahl

GROMACS:      gmx mdrun, version 2027.0-dev-20260314-95fc7a8-unknown
Executable:   /Users/mikeyalmeida/gromacs-install/bin/gmx_mpi
Data prefix:  /Users/mikeyalmeida/gromacs-install
Working dir:  /Users/mikeyalmeida/Documents/harvard/cs2050/final/sims/martini/sim
Process ID:   10280
Command line:
  gmx_mpi mdrun -v -deffnm em

GROMACS version:     2027.0-dev-20260314-95fc7a8-unknown
GIT SHA1 hash:       95fc7a886272920b99602617ca2664813d343230
Branched from:       unknown
Precision:           mixed
Memory model:        64 bit
MPI library:         MPI
MPI version:         Open MPI v5.0.9, package: Open MPI brew@Sequoia-arm64.local Distribution, ident: 5.0.9, repo rev: v5.0.9, Oct 30, 2025
OpenMP support:      enabled (GMX_OPENMP_MAX_THREADS = 128)
GPU support:         disabled
SIMD instructions:   ARM_NEON_ASIMD
CPU FFT library:     fftw-3.3.10
GPU FFT library:     none
Multi-GPU FFT:       none
TNG support:         enabled
Hwloc support:       disabled
Tracing support:     disabled
Colvars support:     enabled (version 2025-10-13)
CP2K support:        disabled
Torch support:       disabled
Plumed support:      enabled
C compiler:          /opt/homebrew/bin/gcc-15 GNU 15.2.0
C compiler flags:    -Wno-array-bounds -fexcess-precision=fast -funroll-all-loops -Wall -Wno-unused -Wunused-value -Wunused-parameter -Wextra -Wno-sign-compare -Wpointer-arith -Wpedantic -Wundef -Werror=stringop-truncation -Wshadow -Wno-missing-field-initializers -O3 -DNDEBUG
C++ compiler:        /opt/homebrew/bin/g++-15 GNU 15.2.0
C++ compiler flags:  -Wno-array-bounds -fexcess-precision=fast -funroll-all-loops -Wall -Wextra -Wpointer-arith -Wmissing-declarations -Wpedantic -Wundef -Wstringop-truncation -Wshadow -Wno-missing-field-initializers -Wno-stringop-truncation -Wno-old-style-cast -Wno-cast-qual -Wno-suggest-override -Wno-suggest-destructor-override -Wno-zero-as-null-pointer-constant -Wno-cast-function-type-strict SHELL:-fopenmp -O3 -DNDEBUG
BLAS library:        External - detected on the system
LAPACK library:      External - detected on the system


Running on 1 node with total 0 processing units
Hardware detected on host dhcp-10-250-140-175.harvard.edu (the node of MPI rank 0):
  CPU info:
    Vendor: ARM
    Brand:  Unknown CPU brand
    Family: 0   Model: 0   Stepping: 0
    Features: neon neon_asimd
  Hardware topology: Only logical processor count
    CPU limit set by OS: -1   Recommended max number of threads: 14


++++ PLEASE READ AND CITE THE FOLLOWING REFERENCE ++++
M. J. Abraham, T. Murtola, R. Schulz, S. Páll, J. C. Smith, B. Hess, E.
Lindahl
GROMACS: High performance molecular simulations through multi-level
parallelism from laptops to supercomputers
SoftwareX (2015)
https://doi.org/10.1016/j.softx.2015.06.001
-------- -------- --- Thank You --- -------- --------


++++ PLEASE READ AND CITE THE FOLLOWING REFERENCE ++++
S. Páll, M. J. Abraham, C. Kutzner, B. Hess, E. Lindahl
Tackling Exascale Software Challenges in Molecular Dynamics Simulations with
GROMACS
In S. Markidis & E. Laure (Eds.), Solving Software Challenges for Exascale (2015)
https://doi.org/10.1007/978-3-319-15976-8_1
-------- -------- --- Thank You --- -------- --------


++++ PLEASE READ AND CITE THE FOLLOWING REFERENCE ++++
S. Pronk, S. Páll, R. Schulz, P. Larsson, P. Bjelkmar, R. Apostolov, M. R.
Shirts, J. C. Smith, P. M. Kasson, D. van der Spoel, B. Hess, E. Lindahl
GROMACS 4.5: a high-throughput and highly parallel open source molecular
simulation toolkit
Bioinformatics (2013)
https://doi.org/10.1093/bioinformatics/btt055
-------- -------- --- Thank You --- -------- --------


++++ PLEASE READ AND CITE THE FOLLOWING REFERENCE ++++
B. Hess, C. Kutzner, D. van der Spoel, E. Lindahl
GROMACS 4: Algorithms for highly efficient, load-balanced, and scalable
molecular simulation
J. Chem. Theory Comput. (2008)
https://doi.org/10.1021/ct700301q
-------- -------- --- Thank You --- -------- --------


++++ PLEASE READ AND CITE THE FOLLOWING REFERENCE ++++
D. van der Spoel, E. Lindahl, B. Hess, G. Groenhof, A. E. Mark, H. J. C.
Berendsen
GROMACS: Fast, Flexible and Free
J. Comp. Chem. (2005)
https://doi.org/10.1002/jcc.20291
-------- -------- --- Thank You --- -------- --------


++++ PLEASE READ AND CITE THE FOLLOWING REFERENCE ++++
E. Lindahl, B. Hess, D. van der Spoel
GROMACS 3.0: A package for molecular simulation and trajectory analysis
J. Mol. Mod. (2001)
https://doi.org/10.1007/s008940100045
-------- -------- --- Thank You --- -------- --------


++++ PLEASE READ AND CITE THE FOLLOWING REFERENCE ++++
H. J. C. Berendsen, D. van der Spoel and R. van Drunen
GROMACS: A message-passing parallel molecular dynamics implementation
Comp. Phys. Comm. (1995)
https://doi.org/10.1016/0010-4655(95)00042-E
-------- -------- --- Thank You --- -------- --------

Input Parameters:
   integrator                     = steep
   tinit                          = 0
   dt                             = 0.001
   nsteps                         = 5000
   init-step                      = 0
   simulation-part                = 1
   mts                            = false
   mass-repartition-factor        = 1
   comm-mode                      = Linear
   nstcomm                        = 100
   bd-fric                        = 0
   ld-seed                        = -1235706084
   emtol                          = 1000
   emstep                         = 0.01
   niter                          = 20
   fcstep                         = 0
   nstcgsteep                     = 1000
   nbfgscorr                      = 10
   rtpi                           = 0.05
   nstxout                        = 0
   nstvout                        = 0
   nstfout                        = 0
   nstlog                         = 1000
   nstcalcenergy                  = 100
   nstenergy                      = 1000
   nstxout-compressed             = 0
   compressed-x-precision         = 1000
   cutoff-scheme                  = Verlet
   nstlist                        = 10
   pbc                            = xyz
   periodic-molecules             = false
   verlet-buffer-tolerance        = 0.005
   verlet-buffer-pressure-tolerance = 0.5
   rlist                          = 1.155
   coulombtype                    = Reaction-Field
   coulomb-modifier               = Potential-shift
   rcoulomb-switch                = 0
   rcoulomb                       = 1.1
   epsilon-r                      = 1
   epsilon-rf                     = 15
   vdw-type                       = Cut-off
   vdw-modifier                   = Potential-shift
   rvdw-switch                    = 0
   rvdw                           = 1.1
   DispCorr                       = No
   table-extension                = 1
   fourierspacing                 = 0.12
   fourier-nx                     = 0
   fourier-ny                     = 0
   fourier-nz                     = 0
   pme-order                      = 4
   ewald-rtol                     = 1e-05
   ewald-rtol-lj                  = 0.001
   lj-pme-comb-rule               = Geometric
   ewald-geometry                 = 3d
   epsilon-surface                = 0
   ensemble-temperature-setting   = not available
   tcoupl                         = No
   nsttcouple                     = -1
   nh-chain-length                = 0
   print-nose-hoover-chain-variables = false
   pcoupl                         = No
   refcoord-scaling               = No
   posres-com: not available
   posres-comB: not available
   QMMM                           = false
qm-opts:
   ngQM                           = 0
   constraint-algorithm           = Lincs
   continuation                   = false
   Shake-SOR                      = false
   shake-tol                      = 0.0001
   lincs-order                    = 4
   lincs-iter                     = 1
   lincs-warnangle                = 30
   nwall                          = 0
   wall-type                      = 9-3
   wall-r-linpot                  = -1
   wall-atomtype[0]               = -1
   wall-atomtype[1]               = -1
   wall-density[0]                = 0
   wall-density[1]                = 0
   wall-ewald-zfac                = 3
   pull                           = false
   awh                            = false
   rotation                       = false
   interactiveMD                  = false
   disre                          = No
   disre-weighting                = Conservative
   disre-mixed                    = false
   dr-fc                          = 1000
   dr-tau                         = 0
   nstdisreout                    = 100
   orire-fc                       = 0
   orire-tau                      = 0
   nstorireout                    = 100
   free-energy                    = no
   cos-acceleration               = 0
   deform (3x3):
      deform[    0]={ 0.00000e+00,  0.00000e+00,  0.00000e+00}
      deform[    1]={ 0.00000e+00,  0.00000e+00,  0.00000e+00}
      deform[    2]={ 0.00000e+00,  0.00000e+00,  0.00000e+00}
   simulated-tempering            = false
   swapcoords                     = no
   userint1                       = 0
   userint2                       = 0
   userint3                       = 0
   userint4                       = 0
   userreal1                      = 0
   userreal2                      = 0
   userreal3                      = 0
   userreal4                      = 0
   applied-forces:
     electric-field:
       x:
         E0                       = 0
         omega                    = 0
         t0                       = 0
         sigma                    = 0
       y:
         E0                       = 0
         omega                    = 0
         t0                       = 0
         sigma                    = 0
       z:
         E0                       = 0
         omega                    = 0
         t0                       = 0
         sigma                    = 0
     density-guided-simulation:
       active                     = false
       group                      = protein
       similarity-measure         = inner-product
       atom-spreading-weight      = unity
       force-constant             = 1e+09
       gaussian-transform-spreading-width = 0.2
       gaussian-transform-spreading-range-in-multiples-of-width = 4
       reference-density-filename = reference.mrc
       nst                        = 1
       normalize-densities        = true
       adaptive-force-scaling     = false
       adaptive-force-scaling-time-constant = 4
       shift-vector               = 
       transformation-matrix      = 
     qmmm-cp2k:
       active                     = false
       qmgroup                    = System
       qmmethod                   = PBE
       qmfilenames                = 
       qmcharge                   = 0
       qmmultiplicity             = 1
     colvars:
       active                     = false
       configfile                 = 
       seed                       = -1
     nnpot:
       active                     = false
       modelfile                  = model.pt
       input-group                = System
       link-type                  = H
       link-distance              = 0.1
       pair-cutoff                = 0
       embedding                  = mechanical
       nnp-charge                 = 0
       model-input1               = 
       model-input2               = 
       model-input3               = 
       model-input4               = 
       model-input5               = 
       model-input6               = 
       model-input7               = 
       model-input8               = 
       model-input9               = 
   fast-multipole-method:
     fmm:
       backend                    = inactive
       exafmm-order               = 6
       exafmm-direct-range        = 2
       exafmm-direct-provider     = GROMACS
       exafmm-tree-type           = uniform
       exafmm-tree-depth          = 0
       exafmm-max-particles-per-cell = 0
       fmsolvr-order              = 8
       fmsolvr-direct-range       = 1
       fmsolvr-direct-provider    = FMM
       fmsolvr-dipole-compensation = true
       fmsolvr-tree-depth         = 3
       fmsolvr-sparse             = false
grpopts:
   nrdf:        4587
   ref-t:           0
   tau-t:           0
annealing:          No
annealing-npoints:           0
   acc:	           0           0           0
   nfreeze:           N           N           N
   energygrp-flags[  0]: 0

When checking whether update groups are usable:
  Domain decomposition is not active, so there is no need for update groups
  No constraints or virtual sites are in use, so it is best not to use update groups

Local state does not use filler particles

Using 1 MPI process
Using 14 OpenMP threads 

System total charge: 0.000
Reaction-Field:
epsRF = 15, rc = 1.1, krf = 0.339303, crf = 1.31965, epsfac = 138.935
The electrostatics potential has its minimum at r = 1.13796
Potential shift: LJ r^-12: -3.186e-01 r^-6: -5.645e-01


Using SIMD4xM 4x4 nonbonded short-range kernels

Using a 4x4 pair-list setup:
  updated every 10 steps, buffer 0.055 nm, rlist 1.155 nm

Using Geometric Lennard-Jones combination rule
Removing pbc first time

Note that activating steepest-descent energy minimization via the integrator .mdp option and the command gmx mdrun may be available in a different form in a future version of GROMACS, e.g. gmx minimize and an .mdp option.
Initiating Steepest Descents
Started Steepest Descents on rank 0 Tue Mar 31 13:07:04 2026


Steepest Descents:
   Tolerance (Fmax)   =  1.00000e+03
   Number of steps    =         5000
           Step           Time
              0        0.00000

   Energies (kJ/mol)
        LJ (SR)   Coulomb (SR)      Potential Pressure (bar)
    2.46646e+07    0.00000e+00    2.46646e+07    7.67116e+06

           Step           Time
              1        1.00000

   Energies (kJ/mol)
        LJ (SR)   Coulomb (SR)      Potential Pressure (bar)
    1.81287e+07    0.00000e+00    1.81287e+07    5.65520e+06

           Step           Time
              2        2.00000

   Energies (kJ/mol)
        LJ (SR)   Coulomb (SR)      Potential Pressure (bar)
    1.25061e+07    0.00000e+00    1.25061e+07    3.91887e+06

           Step           Time
              3        3.00000

   Energies (kJ/mol)
        LJ (SR)   Coulomb (SR)      Potential Pressure (bar)
    8.15141e+06    0.00000e+00    8.15141e+06    2.57176e+06

           Step           Time
              4        4.00000

   Energies (kJ/mol)
        LJ (SR)   Coulomb (SR)      Potential Pressure (bar)
    5.14191e+06    0.00000e+00    5.14191e+06    1.63839e+06

           Step           Time
              5        5.00000

   Energies (kJ/mol)
        LJ (SR)   Coulomb (SR)      Potential Pressure (bar)
    3.13464e+06    0.00000e+00    3.13464e+06    1.01350e+06

           Step           Time
              6        6.00000

   Energies (kJ/mol)
        LJ (SR)   Coulomb (SR)      Potential Pressure (bar)
    1.80109e+06    0.00000e+00    1.80109e+06    5.95954e+05

           Step           Time
              7        7.00000

   Energies (kJ/mol)
        LJ (SR)   Coulomb (SR)      Potential Pressure (bar)
    9.83240e+05    0.00000e+00    9.83240e+05    3.37646e+05

           Step           Time
              8        8.00000

   Energies (kJ/mol)
        LJ (SR)   Coulomb (SR)      Potential Pressure (bar)
    5.82524e+05    0.00000e+00    5.82524e+05    2.09612e+05

           Step           Time
              9        9.00000

   Energies (kJ/mol)
        LJ (SR)   Coulomb (SR)      Potential Pressure (bar)
    3.59943e+05    0.00000e+00    3.59943e+05    1.37487e+05

           Step           Time
             10       10.00000

   Energies (kJ/mol)
        LJ (SR)   Coulomb (SR)      Potential Pressure (bar)
    2.98924e+05    0.00000e+00    2.98924e+05    1.17532e+05

           Step           Time
             11       11.00000

   Energies (kJ/mol)
        LJ (SR)   Coulomb (SR)      Potential Pressure (bar)
    2.44951e+05    0.00000e+00    2.44951e+05    9.97341e+04

           Step           Time
             12       12.00000

   Energies (kJ/mol)
        LJ (SR)   Coulomb (SR)      Potential Pressure (bar)
    1.93376e+05    0.00000e+00    1.93376e+05    8.25923e+04

           Step           Time
             13       13.00000

   Energies (kJ/mol)
        LJ (SR)   Coulomb (SR)      Potential Pressure (bar)
    1.23879e+05    0.00000e+00    1.23879e+05    5.90901e+04

           Step           Time
             14       14.00000

   Energies (kJ/mol)
        LJ (SR)   Coulomb (SR)      Potential Pressure (bar)
    1.04031e+05    0.00000e+00    1.04031e+05    5.23626e+04

           Step           Time
             15       15.00000

   Energies (kJ/mol)
        LJ (SR)   Coulomb (SR)      Potential Pressure (bar)
    4.88625e+04    0.00000e+00    4.88625e+04    3.30243e+04

           Step           Time
             16       16.00000

   Energies (kJ/mol)
        LJ (SR)   Coulomb (SR)      Potential Pressure (bar)
    3.57989e+04    0.00000e+00    3.57989e+04    2.83211e+04

           Step           Time
             17       17.00000

           Step           Time
             18       18.00000

   Energies (kJ/mol)
        LJ (SR)   Coulomb (SR)      Potential Pressure (bar)
    2.74694e+04    0.00000e+00    2.74694e+04    2.53779e+04

           Step           Time
             19       19.00000

   Energies (kJ/mol)
        LJ (SR)   Coulomb (SR)      Potential Pressure (bar)
    2.66438e+03    0.00000e+00    2.66438e+03    1.59016e+04

           Step           Time
             20       20.00000

   Energies (kJ/mol)
        LJ (SR)   Coulomb (SR)      Potential Pressure (bar)
   -1.23827e+03    0.00000e+00   -1.23827e+03    1.45530e+04

           Step           Time
             21       21.00000

   Energies (kJ/mol)
        LJ (SR)   Coulomb (SR)      Potential Pressure (bar)
   -1.01889e+04    0.00000e+00   -1.01889e+04    1.10094e+04

           Step           Time
             22       22.00000

   Energies (kJ/mol)
        LJ (SR)   Coulomb (SR)      Potential Pressure (bar)
   -1.53777e+04    0.00000e+00   -1.53777e+04    8.73415e+03

           Step           Time
             23       23.00000

   Energies (kJ/mol)
        LJ (SR)   Coulomb (SR)      Potential Pressure (bar)
   -1.55269e+04    0.00000e+00   -1.55269e+04    8.46784e+03

           Step           Time
             24       24.00000

           Step           Time
             25       25.00000

   Energies (kJ/mol)
        LJ (SR)   Coulomb (SR)      Potential Pressure (bar)
   -1.78901e+04    0.00000e+00   -1.78901e+04    7.59765e+03

           Step           Time
             26       26.00000

   Energies (kJ/mol)
        LJ (SR)   Coulomb (SR)      Potential Pressure (bar)
   -1.99612e+04    0.00000e+00   -1.99612e+04    6.91912e+03

           Step           Time
             27       27.00000

   Energies (kJ/mol)
        LJ (SR)   Coulomb (SR)      Potential Pressure (bar)
   -2.05681e+04    0.00000e+00   -2.05681e+04    6.57926e+03

           Step           Time
             28       28.00000

           Step           Time
             29       29.00000

   Energies (kJ/mol)
        LJ (SR)   Coulomb (SR)      Potential Pressure (bar)
   -2.18373e+04    0.00000e+00   -2.18373e+04    6.14468e+03

           Step           Time
             30       30.00000

   Energies (kJ/mol)
        LJ (SR)   Coulomb (SR)      Potential Pressure (bar)
   -2.32231e+04    0.00000e+00   -2.32231e+04    5.55993e+03

           Step           Time
             31       31.00000

   Energies (kJ/mol)
        LJ (SR)   Coulomb (SR)      Potential Pressure (bar)
   -2.62821e+04    0.00000e+00   -2.62821e+04    4.15407e+03

           Step           Time
             32       32.00000

   Energies (kJ/mol)
        LJ (SR)   Coulomb (SR)      Potential Pressure (bar)
   -2.63477e+04    0.00000e+00   -2.63477e+04    3.98660e+03

           Step           Time
             33       33.00000

   Energies (kJ/mol)
        LJ (SR)   Coulomb (SR)      Potential Pressure (bar)
   -2.77657e+04    0.00000e+00   -2.77657e+04    3.50190e+03

           Step           Time
             34       34.00000

           Step           Time
             35       35.00000

   Energies (kJ/mol)
        LJ (SR)   Coulomb (SR)      Potential Pressure (bar)
   -2.97344e+04    0.00000e+00   -2.97344e+04    2.55635e+03

           Step           Time
             36       36.00000

   Energies (kJ/mol)
        LJ (SR)   Coulomb (SR)      Potential Pressure (bar)
   -3.07738e+04    0.00000e+00   -3.07738e+04    2.06843e+03

           Step           Time
             37       37.00000

           Step           Time
             38       38.00000

   Energies (kJ/mol)
        LJ (SR)   Coulomb (SR)      Potential Pressure (bar)
   -3.19611e+04    0.00000e+00   -3.19611e+04    1.43444e+03

           Step           Time
             39       39.00000

   Energies (kJ/mol)
        LJ (SR)   Coulomb (SR)      Potential Pressure (bar)
   -3.23599e+04    0.00000e+00   -3.23599e+04    1.22614e+03

           Step           Time
             40       40.00000

           Step           Time
             41       41.00000

   Energies (kJ/mol)
        LJ (SR)   Coulomb (SR)      Potential Pressure (bar)
   -3.26944e+04    0.00000e+00   -3.26944e+04    1.09520e+03

           Step           Time
             42       42.00000

   Energies (kJ/mol)
        LJ (SR)   Coulomb (SR)      Potential Pressure (bar)
   -3.29558e+04    0.00000e+00   -3.29558e+04    9.62157e+02

           Step           Time
             43       43.00000

   Energies (kJ/mol)
        LJ (SR)   Coulomb (SR)      Potential Pressure (bar)
   -3.32377e+04    0.00000e+00   -3.32377e+04    8.23581e+02

           Step           Time
             44       44.00000

   Energies (kJ/mol)
        LJ (SR)   Coulomb (SR)      Potential Pressure (bar)
   -3.36363e+04    0.00000e+00   -3.36363e+04    6.28438e+02

           Step           Time
             45       45.00000

   Energies (kJ/mol)
        LJ (SR)   Coulomb (SR)      Potential Pressure (bar)
   -3.43443e+04    0.00000e+00   -3.43443e+04    2.03132e+02

           Step           Time
             46       46.00000

           Step           Time
             47       47.00000

   Energies (kJ/mol)
        LJ (SR)   Coulomb (SR)      Potential Pressure (bar)
   -3.47229e+04    0.00000e+00   -3.47229e+04    5.25141e+01


Steepest Descents converged to Fmax < 1000 in 48 steps
Potential Energy  = -3.4722895e+04
Maximum force     =  8.5942590e+02 on atom 1145
Norm of force     =  7.0383275e+01
Finished mdrun on rank 0 Tue Mar 31 13:07:04 2026

